2024-05-14 23:20:09,318 | INFO | An account was made by Pouria in save_account function and was saved in save_username_password_email.json
2024-05-14 23:25:02,677 | INFO | Saeed was logged in his account
2024-05-14 23:25:02,677 | INFO | Saeed was logged in his account
2024-05-15 00:48:49,543 | INFO | Saeed was logged in his account
2024-05-15 00:48:49,544 | INFO | Saeed was logged in his account
2024-05-15 00:51:09,463 | INFO | Saeed was logged in his account
2024-05-15 00:51:09,464 | INFO | Saeed was logged in his account
2024-05-15 00:53:03,473 | INFO | Saeed was logged in his account
2024-05-15 00:53:03,474 | INFO | Saeed was logged in his account
2024-05-15 00:55:18,151 | INFO | Saeed was logged in his account
2024-05-15 00:55:18,154 | INFO | Saeed was logged in his account
2024-05-15 00:58:58,187 | INFO | None was logged in his account
2024-05-15 00:58:58,189 | WARNING | None tried to log in with false informations
2024-05-15 00:59:07,561 | INFO | Saeed was logged in his account
2024-05-15 00:59:07,561 | INFO | Saeed was logged in his account
2024-05-15 01:01:13,755 | INFO | Saeed was logged in his account
2024-05-15 01:01:13,755 | INFO | Saeed was logged in his account
2024-05-15 01:03:57,919 | INFO | Saeed was logged in his account
2024-05-15 01:03:57,934 | WARNING | Saeed tried to log in with false informations
2024-05-15 01:04:05,151 | INFO | Saeed was logged in his account
2024-05-15 01:04:05,151 | INFO | Saeed was logged in his account
2024-05-15 01:26:46,136 | INFO | Saeed was logged in his account
2024-05-15 01:26:46,136 | INFO | Saeed was logged in his account
2024-05-15 01:29:07,400 | INFO | Saeed was logged in his account
2024-05-15 01:29:07,400 | INFO | Saeed was logged in his account
2024-05-15 01:32:50,115 | INFO | Saeed was logged in his account
2024-05-15 01:32:50,115 | INFO | Saeed was logged in his account
2024-05-15 01:43:24,369 | INFO | Saeed was logged in his account
2024-05-15 01:43:24,369 | WARNING | Saeed tried to log in with false informations
2024-05-15 01:43:27,586 | INFO | Saeed was logged in his account
2024-05-15 01:43:27,586 | WARNING | Saeed tried to log in with false informations
2024-05-15 01:43:49,385 | INFO | Saeed was logged in his account
2024-05-15 01:43:49,385 | INFO | Saeed was logged in his account
2024-05-15 01:53:57,840 | INFO | Saeed was logged in his account
2024-05-15 01:53:57,840 | INFO | Saeed was logged in his account
2024-05-15 01:57:13,140 | INFO | Saeed was logged in his account
2024-05-15 01:57:13,140 | INFO | Saeed was logged in his account
2024-05-15 02:01:53,283 | INFO | An account was made by Saeed in save_account function and was saved in save_username_password_email.json
2024-05-15 02:02:27,016 | INFO | An account was made by Pouria in save_account function and was saved in save_username_password_email.json
2024-05-15 02:03:20,095 | INFO | Saeed was logged in his account
2024-05-15 02:03:20,095 | INFO | Saeed was logged in his account
2024-05-15 02:04:56,384 | INFO | An account was made by Saeed in save_account function and was saved in save_username_password_email.json
2024-05-15 02:05:21,769 | INFO | An account was made by Pouria in save_account function and was saved in save_username_password_email.json
2024-05-15 02:05:35,014 | INFO | Saeed was logged in his account
2024-05-15 02:05:35,014 | WARNING | Saeed tried to log in with false informations
2024-05-15 02:05:54,288 | INFO | Saeed was logged in his account
2024-05-15 02:05:54,288 | INFO | Saeed was logged in his account
2024-05-15 02:10:34,757 | INFO | An account was made by Saeed in save_account function and was saved in save_username_password_email.json
2024-05-15 02:11:01,148 | INFO | An account was made by Pouria in save_account function and was saved in save_username_password_email.json
2024-05-15 02:11:14,647 | INFO | Saeed was logged in his account
2024-05-15 02:11:14,647 | INFO | Saeed was logged in his account
2024-05-15 02:14:27,212 | INFO | Saeed was logged in his account
2024-05-15 02:14:27,212 | INFO | Saeed was logged in his account
2024-05-15 02:16:57,309 | INFO | Saeed was logged in his account
2024-05-15 02:16:57,309 | INFO | Saeed was logged in his account
